C:\USERS\MLAVOI\SYNCHRONIZED\COURS\14728 - LANGAGE C++\MATéRIEL\ÉVALUATIONS\DEVOIRS\DEVOIR #7\DEVOIR_7\DEBUG\DEVOIR_7.EXE
C:\USERS\MLAVOI\SYNCHRONIZED\COURS\14728 - LANGAGE C++\MATéRIEL\ÉVALUATIONS\DEVOIRS\DEVOIR #7\DEVOIR_7\DEBUG\DEVOIR_7.ILK
C:\USERS\MLAVOI\SYNCHRONIZED\COURS\14728 - LANGAGE C++\MATÉRIEL\ÉVALUATIONS\DEVOIRS\DEVOIR #7\DEVOIR_7\DEBUG\DEVOIR_7.PDB
C:\Users\mlavoi\Synchronized\Cours\14728 - Langage C++\Matériel\Évaluations\Devoirs\Devoir #7\Devoir_7\Devoir_7\Debug\cl.command.1.tlog
C:\Users\mlavoi\Synchronized\Cours\14728 - Langage C++\Matériel\Évaluations\Devoirs\Devoir #7\Devoir_7\Devoir_7\Debug\CL.read.1.tlog
C:\Users\mlavoi\Synchronized\Cours\14728 - Langage C++\Matériel\Évaluations\Devoirs\Devoir #7\Devoir_7\Devoir_7\Debug\CL.write.1.tlog
C:\USERS\MLAVOI\SYNCHRONIZED\COURS\14728 - LANGAGE C++\MATéRIEL\ÉVALUATIONS\DEVOIRS\DEVOIR #7\DEVOIR_7\DEVOIR_7\DEBUG\DEVOIR_7.EXE.EMBED.MANIFEST
C:\USERS\MLAVOI\SYNCHRONIZED\COURS\14728 - LANGAGE C++\MATéRIEL\ÉVALUATIONS\DEVOIRS\DEVOIR #7\DEVOIR_7\DEVOIR_7\DEBUG\DEVOIR_7.EXE.EMBED.MANIFEST.RES
C:\USERS\MLAVOI\SYNCHRONIZED\COURS\14728 - LANGAGE C++\MATéRIEL\ÉVALUATIONS\DEVOIRS\DEVOIR #7\DEVOIR_7\DEVOIR_7\DEBUG\DEVOIR_7.EXE.INTERMEDIATE.MANIFEST
C:\USERS\MLAVOI\SYNCHRONIZED\COURS\14728 - LANGAGE C++\MATéRIEL\ÉVALUATIONS\DEVOIRS\DEVOIR #7\DEVOIR_7\DEVOIR_7\DEBUG\DEVOIR_7.OBJ
C:\Users\mlavoi\Synchronized\Cours\14728 - Langage C++\Matériel\Évaluations\Devoirs\Devoir #7\Devoir_7\Devoir_7\Debug\Devoir_7_manifest.rc
C:\Users\mlavoi\Synchronized\Cours\14728 - Langage C++\Matériel\Évaluations\Devoirs\Devoir #7\Devoir_7\Devoir_7\Debug\link.3904.read.1.tlog
C:\Users\mlavoi\Synchronized\Cours\14728 - Langage C++\Matériel\Évaluations\Devoirs\Devoir #7\Devoir_7\Devoir_7\Debug\link.3904.write.1.tlog
C:\Users\mlavoi\Synchronized\Cours\14728 - Langage C++\Matériel\Évaluations\Devoirs\Devoir #7\Devoir_7\Devoir_7\Debug\link.3904-cvtres.read.1.tlog
C:\Users\mlavoi\Synchronized\Cours\14728 - Langage C++\Matériel\Évaluations\Devoirs\Devoir #7\Devoir_7\Devoir_7\Debug\link.3904-cvtres.write.1.tlog
C:\Users\mlavoi\Synchronized\Cours\14728 - Langage C++\Matériel\Évaluations\Devoirs\Devoir #7\Devoir_7\Devoir_7\Debug\link.command.1.tlog
C:\Users\mlavoi\Synchronized\Cours\14728 - Langage C++\Matériel\Évaluations\Devoirs\Devoir #7\Devoir_7\Devoir_7\Debug\link.read.1.tlog
C:\Users\mlavoi\Synchronized\Cours\14728 - Langage C++\Matériel\Évaluations\Devoirs\Devoir #7\Devoir_7\Devoir_7\Debug\link.write.1.tlog
C:\Users\mlavoi\Synchronized\Cours\14728 - Langage C++\Matériel\Évaluations\Devoirs\Devoir #7\Devoir_7\Devoir_7\Debug\link-cvtres.read.1.tlog
C:\Users\mlavoi\Synchronized\Cours\14728 - Langage C++\Matériel\Évaluations\Devoirs\Devoir #7\Devoir_7\Devoir_7\Debug\link-cvtres.write.1.tlog
C:\Users\mlavoi\Synchronized\Cours\14728 - Langage C++\Matériel\Évaluations\Devoirs\Devoir #7\Devoir_7\Devoir_7\Debug\mt.command.1.tlog
C:\Users\mlavoi\Synchronized\Cours\14728 - Langage C++\Matériel\Évaluations\Devoirs\Devoir #7\Devoir_7\Devoir_7\Debug\mt.read.1.tlog
C:\Users\mlavoi\Synchronized\Cours\14728 - Langage C++\Matériel\Évaluations\Devoirs\Devoir #7\Devoir_7\Devoir_7\Debug\mt.write.1.tlog
C:\USERS\MLAVOI\SYNCHRONIZED\COURS\14728 - LANGAGE C++\MATéRIEL\ÉVALUATIONS\DEVOIRS\DEVOIR #7\DEVOIR_7\DEVOIR_7\DEBUG\RATIONNEL.OBJ
C:\Users\mlavoi\Synchronized\Cours\14728 - Langage C++\Matériel\Évaluations\Devoirs\Devoir #7\Devoir_7\Devoir_7\Debug\rc.command.1.tlog
C:\Users\mlavoi\Synchronized\Cours\14728 - Langage C++\Matériel\Évaluations\Devoirs\Devoir #7\Devoir_7\Devoir_7\Debug\rc.read.1.tlog
C:\Users\mlavoi\Synchronized\Cours\14728 - Langage C++\Matériel\Évaluations\Devoirs\Devoir #7\Devoir_7\Devoir_7\Debug\rc.write.1.tlog
C:\USERS\MLAVOI\SYNCHRONIZED\COURS\14728 - LANGAGE C++\MATéRIEL\ÉVALUATIONS\DEVOIRS\DEVOIR #7\DEVOIR_7\DEVOIR_7\DEBUG\STDAFX.OBJ
C:\Users\mlavoi\Synchronized\Cours\14728 - Langage C++\Matériel\Évaluations\Devoirs\Devoir #7\Devoir_7\Devoir_7\Debug\vc100.idb
C:\USERS\MLAVOI\SYNCHRONIZED\COURS\14728 - LANGAGE C++\MATÉRIEL\ÉVALUATIONS\DEVOIRS\DEVOIR #7\DEVOIR_7\DEVOIR_7\DEBUG\VC100.PDB
